<?xml version="1.0" encoding="UTF-8"?>
<!-- Generated by org.testng.reporters.JUnitReportReporter -->
<testsuite hostname="LAPTOP-IQN2BRH3" failures="0" tests="2" name="Selenium_Assesment.TestVagarnt.JasonParse" time="0.316" errors="0" timestamp="2022-07-17T23:33:31 IST" skipped="0">
  <testcase classname="Selenium_Assesment.TestVagarnt.JasonParse" name="v_wicketkeeper" time="0.109"/>
  <system-out/>
  <testcase classname="Selenium_Assesment.TestVagarnt.JasonParse" name="f_players" time="0.207"/>
  <system-out/>
</testsuite> <!-- Selenium_Assesment.TestVagarnt.JasonParse -->
